- 0.2.4
  * minor optimizations
  * docs

- 0.2.3
  * FullDummyCoding fix
  * FunctionTerm fix
  * test
  * docs

- 0.2.2
  * random effect zero fix
  * ai-like algo fix
  * dof-satter
  * ranx
  * rholinkf
  * docs

- 0.2.1
  * StatsBase methods
  * ARMA
  * docs

- 0.2.0
  * many changes in VarianceType, covariance structure
  * code cleaning
  * change methods names
  * rmatrix / gmatrix
  * StatsBase methods
  * test and other

- 0.1.13

  * output fix
  * prepare to MetidaNLopt, MetidaCu
  * docs
  * logs
  * code cosmetic
  * fix export
  * coverage

- 0.1.12

- 0.1.11

- 0.1.10

- 0.1.9
  Experimental part completed

- 0.1.0
  Initial
